<?xml version="1.0" encoding="UTF-8"?>
<testsuites>
  <testsuite name="caching" timestamp="2023-07-13T07:15:16Z" hostname="ca77678c5a3a" tests="25" skipped="0" failures="0" errors="0" time="0.7">
    <testcase time="0.0610000000000001" classname="caching" name="clear_cache"/>
    <testcase time="0.0229999999999999" classname="caching" name="clear_cache"/>
    <testcase time="0.00800000000000001" classname="caching" name="clear_cache"/>
    <testcase time="0.00600000000000001" classname="caching" name="clear_cache"/>
    <testcase time="0.002" classname="caching" name="clear_cache"/>
    <testcase time="0.11" classname="caching" name="rec_checkout_internal_deps_works_with_mocking_checkout_"/>
    <testcase time="0.154" classname="caching" name="rec_checkout_internal_deps_works_with_mocking_checkout_"/>
    <testcase time="0.004" classname="caching" name="rec_checkout_internal_deps_works_with_mocking_checkout_"/>
    <testcase time="0.00099999999999989" classname="caching" name="rec_checkout_internal_deps_works_with_mocking_checkout_"/>
    <testcase time="0.00100000000000011" classname="caching" name="rec_checkout_internal_deps_works_with_mocking_checkout_"/>
    <testcase time="0.00099999999999989" classname="caching" name="rec_checkout_internal_deps_works_with_mocking_checkout_"/>
    <testcase time="0.00100000000000011" classname="caching" name="rec_checkout_internal_deps_works_with_mocking_checkout_"/>
    <testcase time="0.157" classname="caching" name="rec_checkout_internal_deps_works_for_inaccessible_repos_with_mocking_checkout_"/>
    <testcase time="0.002" classname="caching" name="rec_checkout_internal_deps_works_for_inaccessible_repos_with_mocking_checkout_"/>
    <testcase time="0.00100000000000011" classname="caching" name="rec_checkout_internal_deps_works_for_inaccessible_repos_with_mocking_checkout_"/>
    <testcase time="0.00499999999999989" classname="caching" name="get_hashed_repo_to_dir_mapping_works"/>
    <testcase time="0.119" classname="caching" name="copy_local_repo_to_cachedir_works"/>
    <testcase time="0.004" classname="caching" name="copy_local_repo_to_cachedir_works"/>
    <testcase time="0.00300000000000011" classname="caching" name="copy_local_repo_to_cachedir_works"/>
    <testcase time="0.00099999999999989" classname="caching" name="copy_local_repo_to_cachedir_works"/>
    <testcase time="0.00600000000000001" classname="caching" name="copy_local_repo_to_cachedir_works"/>
    <testcase time="0.016" classname="caching" name="copy_renv_profiles_only_copies_profiles_x_renv.lock_files"/>
    <testcase time="0.00700000000000012" classname="caching" name="copy_renv_profiles_does_not_copy_any_files_if_no_profiles_folder"/>
    <testcase time="0.00600000000000001" classname="caching" name="copy_config_to_storage_dir"/>
    <testcase time="0.00099999999999989" classname="caching" name="copy_config_to_storage_dir"/>
  </testsuite>
  <testsuite name="check_set_equal" timestamp="2023-07-13T07:15:17Z" hostname="ca77678c5a3a" tests="6" skipped="0" failures="0" errors="0" time="0.045">
    <testcase time="0.016" classname="check_set_equal" name="check_set_equal_returns_no_error_if_sets_are_equal"/>
    <testcase time="0.002" classname="check_set_equal" name="check_set_equal_returns_no_error_if_sets_are_equal"/>
    <testcase time="0.002" classname="check_set_equal" name="check_set_equal_returns_no_error_if_sets_are_equal"/>
    <testcase time="0.00800000000000001" classname="check_set_equal" name="check_set_equal_returns_error_message_containing_the_set_differences"/>
    <testcase time="0.00600000000000001" classname="check_set_equal" name="check_set_equal_returns_error_message_containing_the_set_differences"/>
    <testcase time="0.0110000000000001" classname="check_set_equal" name="pre_msg_appears_at_the_start_of_check_set_equal_error_message"/>
  </testsuite>
  <testsuite name="dependencies" timestamp="2023-07-13T07:15:17Z" hostname="ca77678c5a3a" tests="36" skipped="0" failures="0" errors="0" time="4.482">
    <testcase time="0.0629999999999999" classname="dependencies" name="dependency_table_works"/>
    <testcase time="0.304" classname="dependencies" name="dependency_table_works"/>
    <testcase time="0.00099999999999989" classname="dependencies" name="dependency_table_works"/>
    <testcase time="0.00100000000000011" classname="dependencies" name="dependency_table_works"/>
    <testcase time="0.00099999999999989" classname="dependencies" name="dependency_table_works"/>
    <testcase time="0.012" classname="dependencies" name="dependency_table_works"/>
    <testcase time="0.0820000000000001" classname="dependencies" name="dependency_table_works"/>
    <testcase time="0.286" classname="dependencies" name="dependency_table_works"/>
    <testcase time="0.00599999999999978" classname="dependencies" name="dependency_table_works"/>
    <testcase time="0.526" classname="dependencies" name="dependency_table_wih_local_pkgs_works"/>
    <testcase time="0.481" classname="dependencies" name="dependency_table_wih_local_pkgs_works"/>
    <testcase time="0.179" classname="dependencies" name="check_yamls_consistent_works"/>
    <testcase time="0.286" classname="dependencies" name="check_yamls_consistent_works"/>
    <testcase time="0.00100000000000033" classname="dependencies" name="check_yamls_consistent_works"/>
    <testcase time="0.00999999999999979" classname="dependencies" name="check_yamls_consistent_works"/>
    <testcase time="0.301" classname="dependencies" name="check_yamls_consistent_works"/>
    <testcase time="0.056" classname="dependencies" name="plot.dependency_structure_works"/>
    <testcase time="0.299" classname="dependencies" name="plot.dependency_structure_works"/>
    <testcase time="0.428999999999999" classname="dependencies" name="plot.dependency_structure_works"/>
    <testcase time="0.00400000000000045" classname="dependencies" name="plot.dependency_structure_works"/>
    <testcase time="0.0510000000000002" classname="dependencies" name="install_deps_works"/>
    <testcase time="0.308" classname="dependencies" name="install_deps_works"/>
    <testcase time="0.016" classname="dependencies" name="install_deps_works"/>
    <testcase time="0.00800000000000001" classname="dependencies" name="install_deps_works"/>
    <testcase time="0.0489999999999995" classname="dependencies" name="check_downstream_works"/>
    <testcase time="0.304" classname="dependencies" name="check_downstream_works"/>
    <testcase time="0.016" classname="dependencies" name="check_downstream_works"/>
    <testcase time="0.0590000000000002" classname="dependencies" name="build_check_install_works"/>
    <testcase time="0.322" classname="dependencies" name="build_check_install_works"/>
    <testcase time="0.00800000000000001" classname="dependencies" name="get_all_external_deps_works"/>
    <testcase time="0.00199999999999978" classname="dependencies" name="get_all_external_deps_works"/>
    <testcase time="0.00199999999999978" classname="dependencies" name="get_all_external_deps_works"/>
    <testcase time="0.00400000000000045" classname="dependencies" name="get_all_external_deps_works"/>
    <testcase time="0.000999999999999446" classname="dependencies" name="get_all_external_deps_works"/>
    <testcase time="0.00300000000000011" classname="dependencies" name="get_all_external_deps_works"/>
    <testcase time="0.00100000000000033" classname="dependencies" name="get_all_external_deps_works"/>
  </testsuite>
  <testsuite name="dependencies_helper" timestamp="2023-07-13T07:15:21Z" hostname="ca77678c5a3a" tests="23" skipped="0" failures="0" errors="0" time="0.244">
    <testcase time="0.0679999999999996" classname="dependencies_helper" name="get_true_deps_graph_works"/>
    <testcase time="0.0380000000000003" classname="dependencies_helper" name="get_local_pkgs_from_config_works"/>
    <testcase time="0.00400000000000045" classname="dependencies_helper" name="get_local_pkgs_from_config_works"/>
    <testcase time="0.00800000000000001" classname="dependencies_helper" name="add_project_to_local_repos_works"/>
    <testcase time="0.00699999999999967" classname="dependencies_helper" name="add_project_to_local_repos_works"/>
    <testcase time="0.00600000000000023" classname="dependencies_helper" name="yaml_from_dep_table_works"/>
    <testcase time="0.00400000000000045" classname="dependencies_helper" name="parse_remote_project_works"/>
    <testcase time="0.00199999999999978" classname="dependencies_helper" name="parse_remote_project_works"/>
    <testcase time="0.00499999999999989" classname="dependencies_helper" name="parse_remote_project_works"/>
    <testcase time="0.00499999999999989" classname="dependencies_helper" name="parse_remote_project_works"/>
    <testcase time="0.00499999999999989" classname="dependencies_helper" name="parse_remote_project_works"/>
    <testcase time="0.00499999999999989" classname="dependencies_helper" name="parse_remote_project_works"/>
    <testcase time="0.00900000000000034" classname="dependencies_helper" name="run_package_actions_works"/>
    <testcase time="0.0609999999999999" classname="dependencies_helper" name="run_package_actions_works"/>
    <testcase time="0.00400000000000045" classname="dependencies_helper" name="run_package_actions_works"/>
    <testcase time="0.00499999999999989" classname="dependencies_helper" name="parse_deps_table_works_as_expected"/>
    <testcase time="0.000999999999999446" classname="dependencies_helper" name="parse_deps_table_works_as_expected"/>
    <testcase time="0.00100000000000033" classname="dependencies_helper" name="parse_deps_table_works_as_expected"/>
    <testcase time="0.00100000000000033" classname="dependencies_helper" name="parse_deps_table_works_as_expected"/>
    <testcase time="0.000999999999999446" classname="dependencies_helper" name="parse_deps_table_works_as_expected"/>
    <testcase time="0.00100000000000033" classname="dependencies_helper" name="parse_deps_table_works_as_expected"/>
    <testcase time="0.00199999999999978" classname="dependencies_helper" name="parse_deps_table_works_as_expected"/>
    <testcase time="0.00100000000000033" classname="dependencies_helper" name="parse_deps_table_works_as_expected"/>
  </testsuite>
  <testsuite name="get_descendants_distance" timestamp="2023-07-13T07:15:21Z" hostname="ca77678c5a3a" tests="14" skipped="0" failures="0" errors="0" time="0.05">
    <testcase time="0.00800000000000001" classname="get_descendants_distance" name="get_descendants_distance_with_no_descendants_returns_dataframe_with_0_rows"/>
    <testcase time="0.000999999999999446" classname="get_descendants_distance" name="get_descendants_distance_with_no_descendants_returns_dataframe_with_0_rows"/>
    <testcase time="0.00200000000000067" classname="get_descendants_distance" name="get_descendants_distance_with_no_descendants_returns_dataframe_with_0_rows"/>
    <testcase time="0.00899999999999945" classname="get_descendants_distance" name="get_descendants_distance_takes_minimum_distance_between_two_nodes"/>
    <testcase time="0.00100000000000033" classname="get_descendants_distance" name="get_descendants_distance_takes_minimum_distance_between_two_nodes"/>
    <testcase time="0.00499999999999989" classname="get_descendants_distance" name="get_descendants_distance_only_includes_descendants"/>
    <testcase time="0.00100000000000033" classname="get_descendants_distance" name="get_descendants_distance_only_includes_descendants"/>
    <testcase time="0.000999999999999446" classname="get_descendants_distance" name="get_descendants_distance_only_includes_descendants"/>
    <testcase time="0.00100000000000033" classname="get_descendants_distance" name="get_descendants_distance_only_includes_descendants"/>
    <testcase time="0.00399999999999956" classname="get_descendants_distance" name="get_descendants_distance_handles_minimum_distances_greater_than_1"/>
    <testcase time="0.00199999999999978" classname="get_descendants_distance" name="get_descendants_distance_handles_minimum_distances_greater_than_1"/>
    <testcase time="0.00400000000000045" classname="get_descendants_distance" name="get_descendants_distance_node_names_can_include_symbols"/>
    <testcase time="0.00199999999999978" classname="get_descendants_distance" name="get_descendants_distance_node_names_can_include_symbols"/>
    <testcase time="0.00900000000000034" classname="get_descendants_distance" name="get_descendants_distance_works_another_example"/>
  </testsuite>
  <testsuite name="git_tools" timestamp="2023-07-13T07:15:21Z" hostname="ca77678c5a3a" tests="8" skipped="0" failures="0" errors="0" time="1.322">
    <testcase time="0.016" classname="git_tools" name="get_authtoken_envvar_works"/>
    <testcase time="0.000999999999999446" classname="git_tools" name="get_authtoken_envvar_works"/>
    <testcase time="0.00499999999999989" classname="git_tools" name="get_repo_url_works"/>
    <testcase time="0.0129999999999999" classname="git_tools" name="checkout_repo_works_requires_Internet_access_"/>
    <testcase time="0.317" classname="git_tools" name="checkout_repo_works_requires_Internet_access_"/>
    <testcase time="0.142" classname="git_tools" name="checkout_repo_works_requires_Internet_access_"/>
    <testcase time="0.826" classname="git_tools" name="checkout_repo_works_requires_Internet_access_"/>
    <testcase time="0.00200000000000067" classname="git_tools" name="checkout_repo_works_requires_Internet_access_"/>
  </testsuite>
  <testsuite name="git_tools_mocking" timestamp="2023-07-13T07:15:23Z" hostname="ca77678c5a3a" tests="11" skipped="0" failures="0" errors="0" time="0.214">
    <testcase time="0.0649999999999995" classname="git_tools_mocking" name="checkout_repo_with_mocking_works"/>
    <testcase time="0.0640000000000001" classname="git_tools_mocking" name="checkout_repo_with_mocking_works"/>
    <testcase time="0.00499999999999989" classname="git_tools_mocking" name="checkout_repo_with_mocking_works"/>
    <testcase time="0.00999999999999979" classname="git_tools_mocking" name="checkout_repo_with_mocking_works"/>
    <testcase time="0.0370000000000008" classname="git_tools_mocking" name="check_only_remote_branches_works"/>
    <testcase time="0.0109999999999992" classname="git_tools_mocking" name="check_only_remote_branches_works"/>
    <testcase time="0.0100000000000007" classname="git_tools_mocking" name="get_remote_name_provides_remote_name_of_repo"/>
    <testcase time="0.00699999999999967" classname="git_tools_mocking" name="get_remote_name_provides_remote_name_of_repo"/>
    <testcase time="0.00199999999999978" classname="git_tools_mocking" name="get_remote_name_provides_remote_name_of_repo"/>
    <testcase time="0.00199999999999978" classname="git_tools_mocking" name="get_remote_name_provides_remote_name_of_repo"/>
    <testcase time="0.00100000000000033" classname="git_tools_mocking" name="get_remote_name_provides_remote_name_of_repo"/>
  </testsuite>
  <testsuite name="graph_methods" timestamp="2023-07-13T07:15:23Z" hostname="ca77678c5a3a" tests="21" skipped="0" failures="0" errors="0" time="0.086">
    <testcase time="0.0120000000000005" classname="graph_methods" name="topological_sort_throws_error_if_circular_relationship"/>
    <testcase time="0.00499999999999989" classname="graph_methods" name="topological_sort_throws_error_if_circular_relationship"/>
    <testcase time="0.00899999999999945" classname="graph_methods" name="topological_sort_throws_error_if_circular_relationship"/>
    <testcase time="0.00499999999999989" classname="graph_methods" name="topological_sort_correctly_sorts_graph_with_no_branching"/>
    <testcase time="0.00700000000000056" classname="graph_methods" name="topological_sort_correctly_sorts_disconnected_graph"/>
    <testcase time="0.00399999999999956" classname="graph_methods" name="topological_sort_correctly_sorts_disconnected_graph"/>
    <testcase time="0.00300000000000011" classname="graph_methods" name="topological_sort_correctly_sorts_disconnected_graph"/>
    <testcase time="0.00100000000000033" classname="graph_methods" name="topological_sort_correctly_sorts_disconnected_graph"/>
    <testcase time="0.000999999999999446" classname="graph_methods" name="topological_sort_correctly_sorts_disconnected_graph"/>
    <testcase time="0.00400000000000045" classname="graph_methods" name="topological_sort_works_with_graph_with_branching"/>
    <testcase time="0.000999999999999446" classname="graph_methods" name="topological_sort_works_with_graph_with_branching"/>
    <testcase time="0.00100000000000033" classname="graph_methods" name="topological_sort_works_with_graph_with_branching"/>
    <testcase time="0.000999999999999446" classname="graph_methods" name="topological_sort_works_with_graph_with_branching"/>
    <testcase time="0.00100000000000033" classname="graph_methods" name="topological_sort_works_with_graph_with_branching"/>
    <testcase time="0.00399999999999956" classname="graph_methods" name="topological_sort_works_when_parent_occurs_twice_in_graph"/>
    <testcase time="0.0170000000000003" classname="graph_methods" name="adj_list_to_edge_df_works"/>
    <testcase time="0.00499999999999989" classname="graph_methods" name="get_descendants_works"/>
    <testcase time="0.00100000000000033" classname="graph_methods" name="get_descendants_works"/>
    <testcase time="0.00199999999999978" classname="graph_methods" name="get_descendants_works"/>
    <testcase time="0.000999999999999446" classname="graph_methods" name="get_descendants_works"/>
    <testcase time="0.00100000000000033" classname="graph_methods" name="get_descendants_works"/>
  </testsuite>
  <testsuite name="ref_strategy" timestamp="2023-07-13T07:15:23Z" hostname="ca77678c5a3a" tests="18" skipped="0" failures="0" errors="0" time="0.145">
    <testcase time="0.0469999999999997" classname="ref_strategy" name="infer_ref_from_branch_works"/>
    <testcase time="0.00499999999999989" classname="ref_strategy" name="infer_ref_from_branch_works"/>
    <testcase time="0.0530000000000008" classname="ref_strategy" name="check_ref_consistency_works"/>
    <testcase time="0.00399999999999956" classname="ref_strategy" name="check_ref_consistency_works"/>
    <testcase time="0.00699999999999967" classname="ref_strategy" name="check_ref_consistency_works"/>
    <testcase time="0.00699999999999967" classname="ref_strategy" name="determine_ref_works"/>
    <testcase time="0.00100000000000122" classname="ref_strategy" name="determine_ref_works"/>
    <testcase time="0.00199999999999889" classname="ref_strategy" name="determine_ref_works"/>
    <testcase time="0.00100000000000122" classname="ref_strategy" name="determine_ref_works"/>
    <testcase time="0.00199999999999889" classname="ref_strategy" name="determine_ref_works"/>
    <testcase time="0.00200000000000067" classname="ref_strategy" name="determine_ref_works"/>
    <testcase time="0.000999999999999446" classname="ref_strategy" name="determine_ref_works"/>
    <testcase time="0.00100000000000122" classname="ref_strategy" name="determine_ref_works"/>
    <testcase time="0.000999999999999446" classname="ref_strategy" name="determine_ref_works"/>
    <testcase time="0.000999999999999446" classname="ref_strategy" name="determine_ref_works"/>
    <testcase time="0.00700000000000145" classname="ref_strategy" name="determine_ref_works"/>
    <testcase time="0.000999999999999446" classname="ref_strategy" name="determine_ref_works"/>
    <testcase time="0.00200000000000067" classname="ref_strategy" name="determine_ref_works"/>
  </testsuite>
  <testsuite name="renv" timestamp="2023-07-13T07:15:23Z" hostname="ca77678c5a3a" tests="8" skipped="0" failures="0" errors="0" time="0.047">
    <testcase time="0.0119999999999987" classname="renv" name="get_renv_lock_from_repo_dir_returns_json_lockfile_if_exists_and_profile_is_NULL"/>
    <testcase time="0.00699999999999967" classname="renv" name="get_renv_lock_from_repo_dir_returns_json_lockfile_from_non_NULL_profile"/>
    <testcase time="0.00700000000000145" classname="renv" name="get_renv_lock_from_repo_dir_returns_NULL_if_no_lockfile"/>
    <testcase time="0.00300000000000011" classname="renv" name="get_renv_lock_from_repo_dir_returns_NULL_if_no_lockfile"/>
    <testcase time="0.00399999999999956" classname="renv" name="get_renv_lock_from_repo_dir_returns_NULL_if_no_lockfile"/>
    <testcase time="0.00500000000000078" classname="renv" name="get_renv_lock_from_repo_dir_returns_NULL_if_no_lockfile"/>
    <testcase time="0.00499999999999901" classname="renv" name="get_renv_lock_from_repo_dir_give_warning_and_returns_NULL_if_cannot_read_json_of_lockfile"/>
    <testcase time="0.00400000000000134" classname="renv" name="get_renv_lock_from_repo_dir_give_warning_and_returns_NULL_if_cannot_read_json_of_lockfile"/>
  </testsuite>
  <testsuite name="utils" timestamp="2023-07-13T07:15:23Z" hostname="ca77678c5a3a" tests="14" skipped="0" failures="0" errors="0" time="0.071">
    <testcase time="0.0129999999999999" classname="utils" name="cbind_handle_empty_works"/>
    <testcase time="0.00300000000000011" classname="utils" name="cbind_handle_empty_works"/>
    <testcase time="0.00699999999999967" classname="utils" name="hash_repo_and_host_works"/>
    <testcase time="0.000999999999999446" classname="utils" name="hash_repo_and_host_works"/>
    <testcase time="0.000999999999999446" classname="utils" name="hash_repo_and_host_works"/>
    <testcase time="0.00500000000000078" classname="utils" name="unhash_repo_and_host_works"/>
    <testcase time="0.000999999999999446" classname="utils" name="unhash_repo_and_host_works"/>
    <testcase time="0.00100000000000122" classname="utils" name="unhash_repo_and_host_works"/>
    <testcase time="0.0119999999999987" classname="utils" name="get_pkg_names_from_paths_works"/>
    <testcase time="0.00500000000000078" classname="utils" name="get_yaml_deps_info_works"/>
    <testcase time="0.0139999999999993" classname="utils" name="error_if_stageddeps_inexistent_works"/>
    <testcase time="0.00500000000000078" classname="utils" name="rep_with_names_works"/>
    <testcase time="0.00199999999999889" classname="utils" name="rep_with_names_works"/>
    <testcase time="0.00100000000000122" classname="utils" name="rep_with_names_works"/>
  </testsuite>
  <testsuite name="validate_yaml" timestamp="2023-07-13T07:15:23Z" hostname="ca77678c5a3a" tests="18" skipped="0" failures="0" errors="0" time="0.148">
    <testcase time="0.00900000000000034" classname="validate_yaml" name="staged_dep_yaml_without_dependencies_is_valid_"/>
    <testcase time="0.00499999999999901" classname="validate_yaml" name="staged_dep_yaml_allows_additional_fields_beyond_those_required"/>
    <testcase time="0.00900000000000034" classname="validate_yaml" name="empty_staged_dep_yaml_file_throws_error"/>
    <testcase time="0.00900000000000034" classname="validate_yaml" name="empty_staged_dep_yaml_file_throws_error"/>
    <testcase time="0.00999999999999979" classname="validate_yaml" name="staged_dep_yaml_file_missing_expected_fields_throws_error"/>
    <testcase time="0.00600000000000023" classname="validate_yaml" name="staged_dep_yaml_file_missing_expected_fields_throws_error"/>
    <testcase time="0.00899999999999856" classname="validate_yaml" name="staged_dep_yaml_file_without_current_repo_content_throws_error"/>
    <testcase time="0.0100000000000016" classname="validate_yaml" name="staged_dep_yaml_file_with_current_repo_as_array_throws_error"/>
    <testcase time="0.0139999999999993" classname="validate_yaml" name="staged_dep_yaml_file_cannot_contain_non_character_values"/>
    <testcase time="0.00600000000000023" classname="validate_yaml" name="staged_dep_yaml_file_cannot_contain_non_character_values"/>
    <testcase time="0.00600000000000023" classname="validate_yaml" name="staged_dep_yaml_file_cannot_contain_non_character_values"/>
    <testcase time="0.00600000000000023" classname="validate_yaml" name="staged_dep_yaml_file_cannot_contain_non_character_values"/>
    <testcase time="0.00999999999999979" classname="validate_yaml" name="staged_dep_yaml_file_missing_repo_or_host_throws_error"/>
    <testcase time="0.0109999999999992" classname="validate_yaml" name="staged_dep_yaml_file_missing_repo_or_host_throws_error"/>
    <testcase time="0.00900000000000034" classname="validate_yaml" name="staged_dep_yaml_with_nesting_naming_inside_repo_or_host_throws_an_error"/>
    <testcase time="0.00699999999999967" classname="validate_yaml" name="staged_dep_yaml_with_nesting_naming_inside_repo_or_host_throws_an_error"/>
    <testcase time="0.00600000000000023" classname="validate_yaml" name="staged_dep_yaml_with_nesting_naming_inside_repo_or_host_throws_an_error"/>
    <testcase time="0.00600000000000023" classname="validate_yaml" name="staged_dep_yaml_with_nesting_naming_inside_repo_or_host_throws_an_error"/>
  </testsuite>
  <testsuite name="zzz" timestamp="2023-07-13T07:15:24Z" hostname="ca77678c5a3a" tests="7" skipped="0" failures="0" errors="0" time="0.023">
    <testcase time="0.0109999999999992" classname="zzz" name="setup_storage_dir_works"/>
    <testcase time="0.00200000000000067" classname="zzz" name="setup_storage_dir_works"/>
    <testcase time="0.00200000000000067" classname="zzz" name="setup_storage_dir_works"/>
    <testcase time="0.000999999999999446" classname="zzz" name="setup_storage_dir_works"/>
    <testcase time="0.00199999999999889" classname="zzz" name="setup_storage_dir_works"/>
    <testcase time="0.00400000000000134" classname="zzz" name="get_set_storage_dir"/>
    <testcase time="0.000999999999999446" classname="zzz" name="get_set_storage_dir"/>
  </testsuite>
</testsuites>
