<?xml version="1.0" encoding="UTF-8"?>
<testsuites>
  <testsuite name="caching" timestamp="2023-08-22T13:14:21Z" hostname="8ed5e0d3bad1" tests="25" skipped="0" failures="0" errors="0" time="0.927">
    <testcase time="0.08" classname="caching" name="clear_cache"/>
    <testcase time="0.03" classname="caching" name="clear_cache"/>
    <testcase time="0.0110000000000001" classname="caching" name="clear_cache"/>
    <testcase time="0.00700000000000012" classname="caching" name="clear_cache"/>
    <testcase time="0.002" classname="caching" name="clear_cache"/>
    <testcase time="0.143" classname="caching" name="rec_checkout_internal_deps_works_with_mocking_checkout_"/>
    <testcase time="0.203" classname="caching" name="rec_checkout_internal_deps_works_with_mocking_checkout_"/>
    <testcase time="0.00600000000000001" classname="caching" name="rec_checkout_internal_deps_works_with_mocking_checkout_"/>
    <testcase time="0.002" classname="caching" name="rec_checkout_internal_deps_works_with_mocking_checkout_"/>
    <testcase time="0.00100000000000011" classname="caching" name="rec_checkout_internal_deps_works_with_mocking_checkout_"/>
    <testcase time="0.002" classname="caching" name="rec_checkout_internal_deps_works_with_mocking_checkout_"/>
    <testcase time="0.00099999999999989" classname="caching" name="rec_checkout_internal_deps_works_with_mocking_checkout_"/>
    <testcase time="0.21" classname="caching" name="rec_checkout_internal_deps_works_for_inaccessible_repos_with_mocking_checkout_"/>
    <testcase time="0.00300000000000011" classname="caching" name="rec_checkout_internal_deps_works_for_inaccessible_repos_with_mocking_checkout_"/>
    <testcase time="0.002" classname="caching" name="rec_checkout_internal_deps_works_for_inaccessible_repos_with_mocking_checkout_"/>
    <testcase time="0.0069999999999999" classname="caching" name="get_hashed_repo_to_dir_mapping_works"/>
    <testcase time="0.158" classname="caching" name="copy_local_repo_to_cachedir_works"/>
    <testcase time="0.00600000000000001" classname="caching" name="copy_local_repo_to_cachedir_works"/>
    <testcase time="0.00499999999999989" classname="caching" name="copy_local_repo_to_cachedir_works"/>
    <testcase time="0.002" classname="caching" name="copy_local_repo_to_cachedir_works"/>
    <testcase time="0.00700000000000012" classname="caching" name="copy_local_repo_to_cachedir_works"/>
    <testcase time="0.02" classname="caching" name="copy_renv_profiles_only_copies_profiles_x_renv.lock_files"/>
    <testcase time="0.0089999999999999" classname="caching" name="copy_renv_profiles_does_not_copy_any_files_if_no_profiles_folder"/>
    <testcase time="0.00800000000000001" classname="caching" name="copy_config_to_storage_dir"/>
    <testcase time="0.002" classname="caching" name="copy_config_to_storage_dir"/>
  </testsuite>
  <testsuite name="check_set_equal" timestamp="2023-08-22T13:14:22Z" hostname="8ed5e0d3bad1" tests="6" skipped="0" failures="0" errors="0" time="0.061">
    <testcase time="0.022" classname="check_set_equal" name="check_set_equal_returns_no_error_if_sets_are_equal"/>
    <testcase time="0.002" classname="check_set_equal" name="check_set_equal_returns_no_error_if_sets_are_equal"/>
    <testcase time="0.00299999999999989" classname="check_set_equal" name="check_set_equal_returns_no_error_if_sets_are_equal"/>
    <testcase time="0.0110000000000001" classname="check_set_equal" name="check_set_equal_returns_error_message_containing_the_set_differences"/>
    <testcase time="0.0069999999999999" classname="check_set_equal" name="check_set_equal_returns_error_message_containing_the_set_differences"/>
    <testcase time="0.016" classname="check_set_equal" name="pre_msg_appears_at_the_start_of_check_set_equal_error_message"/>
  </testsuite>
  <testsuite name="dependencies" timestamp="2023-08-22T13:14:22Z" hostname="8ed5e0d3bad1" tests="36" skipped="0" failures="0" errors="0" time="5.997">
    <testcase time="0.097" classname="dependencies" name="dependency_table_works"/>
    <testcase time="0.41" classname="dependencies" name="dependency_table_works"/>
    <testcase time="0.00199999999999978" classname="dependencies" name="dependency_table_works"/>
    <testcase time="0.00100000000000033" classname="dependencies" name="dependency_table_works"/>
    <testcase time="0.00199999999999978" classname="dependencies" name="dependency_table_works"/>
    <testcase time="0.016" classname="dependencies" name="dependency_table_works"/>
    <testcase time="0.111" classname="dependencies" name="dependency_table_works"/>
    <testcase time="0.395" classname="dependencies" name="dependency_table_works"/>
    <testcase time="0.00800000000000001" classname="dependencies" name="dependency_table_works"/>
    <testcase time="0.704" classname="dependencies" name="dependency_table_wih_local_pkgs_works"/>
    <testcase time="0.634" classname="dependencies" name="dependency_table_wih_local_pkgs_works"/>
    <testcase time="0.234999999999999" classname="dependencies" name="check_yamls_consistent_works"/>
    <testcase time="0.381" classname="dependencies" name="check_yamls_consistent_works"/>
    <testcase time="0.00199999999999978" classname="dependencies" name="check_yamls_consistent_works"/>
    <testcase time="0.0129999999999999" classname="dependencies" name="check_yamls_consistent_works"/>
    <testcase time="0.389" classname="dependencies" name="check_yamls_consistent_works"/>
    <testcase time="0.0759999999999996" classname="dependencies" name="plot.dependency_structure_works"/>
    <testcase time="0.393000000000001" classname="dependencies" name="plot.dependency_structure_works"/>
    <testcase time="0.609" classname="dependencies" name="plot.dependency_structure_works"/>
    <testcase time="0.00499999999999989" classname="dependencies" name="plot.dependency_structure_works"/>
    <testcase time="0.069" classname="dependencies" name="install_deps_works"/>
    <testcase time="0.409" classname="dependencies" name="install_deps_works"/>
    <testcase time="0.024" classname="dependencies" name="install_deps_works"/>
    <testcase time="0.0110000000000001" classname="dependencies" name="install_deps_works"/>
    <testcase time="0.0649999999999995" classname="dependencies" name="check_downstream_works"/>
    <testcase time="0.415" classname="dependencies" name="check_downstream_works"/>
    <testcase time="0.0270000000000001" classname="dependencies" name="check_downstream_works"/>
    <testcase time="0.0609999999999999" classname="dependencies" name="build_check_install_works"/>
    <testcase time="0.405" classname="dependencies" name="build_check_install_works"/>
    <testcase time="0.0110000000000001" classname="dependencies" name="get_all_external_deps_works"/>
    <testcase time="0.00300000000000011" classname="dependencies" name="get_all_external_deps_works"/>
    <testcase time="0.00300000000000011" classname="dependencies" name="get_all_external_deps_works"/>
    <testcase time="0.00499999999999989" classname="dependencies" name="get_all_external_deps_works"/>
    <testcase time="0.000999999999999446" classname="dependencies" name="get_all_external_deps_works"/>
    <testcase time="0.00300000000000011" classname="dependencies" name="get_all_external_deps_works"/>
    <testcase time="0.00199999999999978" classname="dependencies" name="get_all_external_deps_works"/>
  </testsuite>
  <testsuite name="dependencies_helper" timestamp="2023-08-22T13:14:28Z" hostname="8ed5e0d3bad1" tests="23" skipped="0" failures="0" errors="0" time="0.316">
    <testcase time="0.080000000000001" classname="dependencies_helper" name="get_true_deps_graph_works"/>
    <testcase time="0.0559999999999992" classname="dependencies_helper" name="get_local_pkgs_from_config_works"/>
    <testcase time="0.00399999999999956" classname="dependencies_helper" name="get_local_pkgs_from_config_works"/>
    <testcase time="0.011000000000001" classname="dependencies_helper" name="add_project_to_local_repos_works"/>
    <testcase time="0.00499999999999901" classname="dependencies_helper" name="add_project_to_local_repos_works"/>
    <testcase time="0.0080000000000009" classname="dependencies_helper" name="yaml_from_dep_table_works"/>
    <testcase time="0.00600000000000023" classname="dependencies_helper" name="parse_remote_project_works"/>
    <testcase time="0.00199999999999889" classname="dependencies_helper" name="parse_remote_project_works"/>
    <testcase time="0.011000000000001" classname="dependencies_helper" name="parse_remote_project_works"/>
    <testcase time="0.00699999999999967" classname="dependencies_helper" name="parse_remote_project_works"/>
    <testcase time="0.00699999999999967" classname="dependencies_helper" name="parse_remote_project_works"/>
    <testcase time="0.00600000000000023" classname="dependencies_helper" name="parse_remote_project_works"/>
    <testcase time="0.0109999999999992" classname="dependencies_helper" name="run_package_actions_works"/>
    <testcase time="0.0800000000000001" classname="dependencies_helper" name="run_package_actions_works"/>
    <testcase time="0.00500000000000078" classname="dependencies_helper" name="run_package_actions_works"/>
    <testcase time="0.00600000000000023" classname="dependencies_helper" name="parse_deps_table_works_as_expected"/>
    <testcase time="0.00200000000000067" classname="dependencies_helper" name="parse_deps_table_works_as_expected"/>
    <testcase time="0.000999999999999446" classname="dependencies_helper" name="parse_deps_table_works_as_expected"/>
    <testcase time="0.00199999999999889" classname="dependencies_helper" name="parse_deps_table_works_as_expected"/>
    <testcase time="0.00100000000000122" classname="dependencies_helper" name="parse_deps_table_works_as_expected"/>
    <testcase time="0.00199999999999889" classname="dependencies_helper" name="parse_deps_table_works_as_expected"/>
    <testcase time="0.00200000000000067" classname="dependencies_helper" name="parse_deps_table_works_as_expected"/>
    <testcase time="0.000999999999999446" classname="dependencies_helper" name="parse_deps_table_works_as_expected"/>
  </testsuite>
  <testsuite name="get_descendants_distance" timestamp="2023-08-22T13:14:28Z" hostname="8ed5e0d3bad1" tests="14" skipped="0" failures="0" errors="0" time="0.068">
    <testcase time="0.011000000000001" classname="get_descendants_distance" name="get_descendants_distance_with_no_descendants_returns_dataframe_with_0_rows"/>
    <testcase time="0.00199999999999889" classname="get_descendants_distance" name="get_descendants_distance_with_no_descendants_returns_dataframe_with_0_rows"/>
    <testcase time="0.00200000000000067" classname="get_descendants_distance" name="get_descendants_distance_with_no_descendants_returns_dataframe_with_0_rows"/>
    <testcase time="0.00600000000000023" classname="get_descendants_distance" name="get_descendants_distance_takes_minimum_distance_between_two_nodes"/>
    <testcase time="0.00199999999999889" classname="get_descendants_distance" name="get_descendants_distance_takes_minimum_distance_between_two_nodes"/>
    <testcase time="0.00600000000000023" classname="get_descendants_distance" name="get_descendants_distance_only_includes_descendants"/>
    <testcase time="0.00200000000000067" classname="get_descendants_distance" name="get_descendants_distance_only_includes_descendants"/>
    <testcase time="0.00200000000000067" classname="get_descendants_distance" name="get_descendants_distance_only_includes_descendants"/>
    <testcase time="0.000999999999999446" classname="get_descendants_distance" name="get_descendants_distance_only_includes_descendants"/>
    <testcase time="0.0120000000000005" classname="get_descendants_distance" name="get_descendants_distance_handles_minimum_distances_greater_than_1"/>
    <testcase time="0.00199999999999889" classname="get_descendants_distance" name="get_descendants_distance_handles_minimum_distances_greater_than_1"/>
    <testcase time="0.00600000000000023" classname="get_descendants_distance" name="get_descendants_distance_node_names_can_include_symbols"/>
    <testcase time="0.00200000000000067" classname="get_descendants_distance" name="get_descendants_distance_node_names_can_include_symbols"/>
    <testcase time="0.0120000000000005" classname="get_descendants_distance" name="get_descendants_distance_works_another_example"/>
  </testsuite>
  <testsuite name="git_tools" timestamp="2023-08-22T13:14:28Z" hostname="8ed5e0d3bad1" tests="8" skipped="0" failures="0" errors="0" time="3.156">
    <testcase time="0.016" classname="git_tools" name="get_authtoken_envvar_works"/>
    <testcase time="0.000999999999999446" classname="git_tools" name="get_authtoken_envvar_works"/>
    <testcase time="0.00600000000000023" classname="git_tools" name="get_repo_url_works"/>
    <testcase time="0.020999999999999" classname="git_tools" name="checkout_repo_works_requires_Internet_access_"/>
    <testcase time="0.493" classname="git_tools" name="checkout_repo_works_requires_Internet_access_"/>
    <testcase time="0.286" classname="git_tools" name="checkout_repo_works_requires_Internet_access_"/>
    <testcase time="2.331" classname="git_tools" name="checkout_repo_works_requires_Internet_access_"/>
    <testcase time="0.00199999999999889" classname="git_tools" name="checkout_repo_works_requires_Internet_access_"/>
  </testsuite>
  <testsuite name="git_tools_mocking" timestamp="2023-08-22T13:14:32Z" hostname="8ed5e0d3bad1" tests="11" skipped="0" failures="1" errors="0" time="0.344">
    <testcase time="0.0890000000000004" classname="git_tools_mocking" name="checkout_repo_with_mocking_works"/>
    <testcase time="0.0879999999999992" classname="git_tools_mocking" name="checkout_repo_with_mocking_works"/>
    <testcase time="0.00200000000000067" classname="git_tools_mocking" name="checkout_repo_with_mocking_works"/>
    <testcase time="0.011000000000001" classname="git_tools_mocking" name="checkout_repo_with_mocking_works"/>
    <testcase time="0.052999999999999" classname="git_tools_mocking" name="check_only_remote_branches_works"/>
    <testcase time="0.0129999999999999" classname="git_tools_mocking" name="check_only_remote_branches_works">
      <failure type="failure" message="`check_only_remote_branches(repo_dir, &quot;origin&quot;)` threw an error with unexpected message. ('test-git_tools_mocking.R:80:3')">`check_only_remote_branches(repo_dir, "origin")` threw an error with unexpected message.
Expected match: "remote_name"
Actual message: "all(vapply(all_branches, function(x) { .... is not TRUE"
Backtrace:
    ▆
 1. ├─testthat::expect_error(...) at test-git_tools_mocking.R:80:2
 2. │ └─testthat:::quasi_capture(...)
 3. │   ├─testthat (local) .capture(...)
 4. │   │ └─base::withCallingHandlers(...)
 5. │   └─rlang::eval_bare(quo_get_expr(.quo), quo_get_env(.quo))
 6. └─staged.dependencies:::check_only_remote_branches(repo_dir, "origin")
 7.   └─base::stopifnot(...)</failure>
    </testcase>
    <testcase time="0.0600000000000005" classname="git_tools_mocking" name="get_remote_name_provides_remote_name_of_repo"/>
    <testcase time="0.020999999999999" classname="git_tools_mocking" name="get_remote_name_provides_remote_name_of_repo"/>
    <testcase time="0.00300000000000011" classname="git_tools_mocking" name="get_remote_name_provides_remote_name_of_repo"/>
    <testcase time="0.00200000000000067" classname="git_tools_mocking" name="get_remote_name_provides_remote_name_of_repo"/>
    <testcase time="0.00200000000000067" classname="git_tools_mocking" name="get_remote_name_provides_remote_name_of_repo"/>
  </testsuite>
  <testsuite name="graph_methods" timestamp="2023-08-22T13:14:32Z" hostname="8ed5e0d3bad1" tests="21" skipped="0" failures="0" errors="0" time="0.198">
    <testcase time="0.0149999999999988" classname="graph_methods" name="topological_sort_throws_error_if_circular_relationship"/>
    <testcase time="0.00699999999999967" classname="graph_methods" name="topological_sort_throws_error_if_circular_relationship"/>
    <testcase time="0.00600000000000023" classname="graph_methods" name="topological_sort_throws_error_if_circular_relationship"/>
    <testcase time="0.0980000000000008" classname="graph_methods" name="topological_sort_correctly_sorts_graph_with_no_branching"/>
    <testcase time="0.00999999999999979" classname="graph_methods" name="topological_sort_correctly_sorts_disconnected_graph"/>
    <testcase time="0.00399999999999956" classname="graph_methods" name="topological_sort_correctly_sorts_disconnected_graph"/>
    <testcase time="0.00500000000000078" classname="graph_methods" name="topological_sort_correctly_sorts_disconnected_graph"/>
    <testcase time="0.000999999999999446" classname="graph_methods" name="topological_sort_correctly_sorts_disconnected_graph"/>
    <testcase time="0.00200000000000067" classname="graph_methods" name="topological_sort_correctly_sorts_disconnected_graph"/>
    <testcase time="0.00600000000000023" classname="graph_methods" name="topological_sort_works_with_graph_with_branching"/>
    <testcase time="0.000999999999999446" classname="graph_methods" name="topological_sort_works_with_graph_with_branching"/>
    <testcase time="0.000999999999999446" classname="graph_methods" name="topological_sort_works_with_graph_with_branching"/>
    <testcase time="0.00200000000000067" classname="graph_methods" name="topological_sort_works_with_graph_with_branching"/>
    <testcase time="0.000999999999999446" classname="graph_methods" name="topological_sort_works_with_graph_with_branching"/>
    <testcase time="0.00600000000000023" classname="graph_methods" name="topological_sort_works_when_parent_occurs_twice_in_graph"/>
    <testcase time="0.0180000000000007" classname="graph_methods" name="adj_list_to_edge_df_works"/>
    <testcase time="0.00799999999999912" classname="graph_methods" name="get_descendants_works"/>
    <testcase time="0.000999999999999446" classname="graph_methods" name="get_descendants_works"/>
    <testcase time="0.00200000000000067" classname="graph_methods" name="get_descendants_works"/>
    <testcase time="0.00200000000000067" classname="graph_methods" name="get_descendants_works"/>
    <testcase time="0.00199999999999889" classname="graph_methods" name="get_descendants_works"/>
  </testsuite>
  <testsuite name="ref_strategy" timestamp="2023-08-22T13:14:32Z" hostname="8ed5e0d3bad1" tests="18" skipped="0" failures="0" errors="0" time="0.194">
    <testcase time="0.0640000000000001" classname="ref_strategy" name="infer_ref_from_branch_works"/>
    <testcase time="0.00600000000000023" classname="ref_strategy" name="infer_ref_from_branch_works"/>
    <testcase time="0.0660000000000007" classname="ref_strategy" name="check_ref_consistency_works"/>
    <testcase time="0.00600000000000023" classname="ref_strategy" name="check_ref_consistency_works"/>
    <testcase time="0.00899999999999856" classname="ref_strategy" name="check_ref_consistency_works"/>
    <testcase time="0.0100000000000016" classname="ref_strategy" name="determine_ref_works"/>
    <testcase time="0.00199999999999889" classname="ref_strategy" name="determine_ref_works"/>
    <testcase time="0.00199999999999889" classname="ref_strategy" name="determine_ref_works"/>
    <testcase time="0.00200000000000067" classname="ref_strategy" name="determine_ref_works"/>
    <testcase time="0.00199999999999889" classname="ref_strategy" name="determine_ref_works"/>
    <testcase time="0.00300000000000011" classname="ref_strategy" name="determine_ref_works"/>
    <testcase time="0.00200000000000067" classname="ref_strategy" name="determine_ref_works"/>
    <testcase time="0.00200000000000067" classname="ref_strategy" name="determine_ref_works"/>
    <testcase time="0.00199999999999889" classname="ref_strategy" name="determine_ref_works"/>
    <testcase time="0.00300000000000011" classname="ref_strategy" name="determine_ref_works"/>
    <testcase time="0.00900000000000034" classname="ref_strategy" name="determine_ref_works"/>
    <testcase time="0.00200000000000067" classname="ref_strategy" name="determine_ref_works"/>
    <testcase time="0.00199999999999889" classname="ref_strategy" name="determine_ref_works"/>
  </testsuite>
  <testsuite name="renv" timestamp="2023-08-22T13:14:32Z" hostname="8ed5e0d3bad1" tests="8" skipped="0" failures="0" errors="0" time="0.062">
    <testcase time="0.0170000000000012" classname="renv" name="get_renv_lock_from_repo_dir_returns_json_lockfile_if_exists_and_profile_is_NULL"/>
    <testcase time="0.00799999999999912" classname="renv" name="get_renv_lock_from_repo_dir_returns_json_lockfile_from_non_NULL_profile"/>
    <testcase time="0.00999999999999979" classname="renv" name="get_renv_lock_from_repo_dir_returns_NULL_if_no_lockfile"/>
    <testcase time="0.00500000000000078" classname="renv" name="get_renv_lock_from_repo_dir_returns_NULL_if_no_lockfile"/>
    <testcase time="0.00499999999999901" classname="renv" name="get_renv_lock_from_repo_dir_returns_NULL_if_no_lockfile"/>
    <testcase time="0.00600000000000023" classname="renv" name="get_renv_lock_from_repo_dir_returns_NULL_if_no_lockfile"/>
    <testcase time="0.00699999999999967" classname="renv" name="get_renv_lock_from_repo_dir_give_warning_and_returns_NULL_if_cannot_read_json_of_lockfile"/>
    <testcase time="0.00399999999999956" classname="renv" name="get_renv_lock_from_repo_dir_give_warning_and_returns_NULL_if_cannot_read_json_of_lockfile"/>
  </testsuite>
  <testsuite name="utils" timestamp="2023-08-22T13:14:32Z" hostname="8ed5e0d3bad1" tests="18" skipped="0" failures="1" errors="0" time="0.123">
    <testcase time="0.0120000000000005" classname="utils" name="cbind_handle_empty_works"/>
    <testcase time="0.00300000000000011" classname="utils" name="cbind_handle_empty_works"/>
    <testcase time="0.00899999999999856" classname="utils" name="hash_repo_and_host_works"/>
    <testcase time="0.00100000000000122" classname="utils" name="hash_repo_and_host_works"/>
    <testcase time="0.00199999999999889" classname="utils" name="hash_repo_and_host_works"/>
    <testcase time="0.00600000000000023" classname="utils" name="unhash_repo_and_host_works"/>
    <testcase time="0.00200000000000067" classname="utils" name="unhash_repo_and_host_works"/>
    <testcase time="0.000999999999999446" classname="utils" name="unhash_repo_and_host_works"/>
    <testcase time="0.016" classname="utils" name="get_pkg_names_from_paths_works"/>
    <testcase time="0.00600000000000023" classname="utils" name="get_yaml_deps_info_works"/>
    <testcase time="0.0120000000000005" classname="utils" name="error_if_stageddeps_inexistent_works"/>
    <testcase time="0.00699999999999967" classname="utils" name="rep_with_names_works"/>
    <testcase time="0.00200000000000067" classname="utils" name="rep_with_names_works"/>
    <testcase time="0.000999999999999446" classname="utils" name="rep_with_names_works"/>
    <testcase time="0.0120000000000005" classname="utils" name="setting_verbosity_works">
      <failure type="failure" message="f2() not identical to 1. ('test-utils.R:93:3')">f2() not identical to 1.
1/1 mismatches
[1] 0 - 1 == -1</failure>
    </testcase>
    <testcase time="0.0229999999999997" classname="utils" name="setting_verbosity_works"/>
    <testcase time="0.00199999999999889" classname="utils" name="setting_verbosity_works"/>
    <testcase time="0.00600000000000023" classname="utils" name="setting_verbosity_works"/>
  </testsuite>
  <testsuite name="validate_yaml" timestamp="2023-08-22T13:14:33Z" hostname="8ed5e0d3bad1" tests="18" skipped="0" failures="0" errors="0" time="0.264">
    <testcase time="0.0120000000000005" classname="validate_yaml" name="staged_dep_yaml_without_dependencies_is_valid_"/>
    <testcase time="0.00699999999999967" classname="validate_yaml" name="staged_dep_yaml_allows_additional_fields_beyond_those_required"/>
    <testcase time="0.112" classname="validate_yaml" name="empty_staged_dep_yaml_file_throws_error"/>
    <testcase time="0.00699999999999967" classname="validate_yaml" name="empty_staged_dep_yaml_file_throws_error"/>
    <testcase time="0.00999999999999979" classname="validate_yaml" name="staged_dep_yaml_file_missing_expected_fields_throws_error"/>
    <testcase time="0.00700000000000145" classname="validate_yaml" name="staged_dep_yaml_file_missing_expected_fields_throws_error"/>
    <testcase time="0.0109999999999992" classname="validate_yaml" name="staged_dep_yaml_file_without_current_repo_content_throws_error"/>
    <testcase time="0.0109999999999992" classname="validate_yaml" name="staged_dep_yaml_file_with_current_repo_as_array_throws_error"/>
    <testcase time="0.0120000000000005" classname="validate_yaml" name="staged_dep_yaml_file_cannot_contain_non_character_values"/>
    <testcase time="0.00699999999999967" classname="validate_yaml" name="staged_dep_yaml_file_cannot_contain_non_character_values"/>
    <testcase time="0.0080000000000009" classname="validate_yaml" name="staged_dep_yaml_file_cannot_contain_non_character_values"/>
    <testcase time="0.00799999999999912" classname="validate_yaml" name="staged_dep_yaml_file_cannot_contain_non_character_values"/>
    <testcase time="0.011000000000001" classname="validate_yaml" name="staged_dep_yaml_file_missing_repo_or_host_throws_error"/>
    <testcase time="0.00699999999999967" classname="validate_yaml" name="staged_dep_yaml_file_missing_repo_or_host_throws_error"/>
    <testcase time="0.0120000000000005" classname="validate_yaml" name="staged_dep_yaml_with_nesting_naming_inside_repo_or_host_throws_an_error"/>
    <testcase time="0.00799999999999912" classname="validate_yaml" name="staged_dep_yaml_with_nesting_naming_inside_repo_or_host_throws_an_error"/>
    <testcase time="0.00699999999999967" classname="validate_yaml" name="staged_dep_yaml_with_nesting_naming_inside_repo_or_host_throws_an_error"/>
    <testcase time="0.00700000000000145" classname="validate_yaml" name="staged_dep_yaml_with_nesting_naming_inside_repo_or_host_throws_an_error"/>
  </testsuite>
  <testsuite name="zzz" timestamp="2023-08-22T13:14:33Z" hostname="8ed5e0d3bad1" tests="7" skipped="0" failures="0" errors="0" time="0.024">
    <testcase time="0.00999999999999979" classname="zzz" name="setup_storage_dir_works"/>
    <testcase time="0.000999999999999446" classname="zzz" name="setup_storage_dir_works"/>
    <testcase time="0.00200000000000067" classname="zzz" name="setup_storage_dir_works"/>
    <testcase time="0.00200000000000067" classname="zzz" name="setup_storage_dir_works"/>
    <testcase time="0.000999999999999446" classname="zzz" name="setup_storage_dir_works"/>
    <testcase time="0.00600000000000023" classname="zzz" name="get_set_storage_dir"/>
    <testcase time="0.00199999999999889" classname="zzz" name="get_set_storage_dir"/>
  </testsuite>
</testsuites>
